<?xml version="1.0" encoding="UTF-8"?>
<!-- Generated by org.testng.reporters.JUnitReportReporter -->
<testsuite hostname="DESKTOP-7RM1ST6" failures="0" tests="10" name="Pkg1st.CountTestNG" time="0.012" errors="0" timestamp="2020-06-29T22:22:54 IST" skipped="0">
  <testcase classname="Pkg1st.CountTestNG" name="A1" time="0.001"/>
  <system-out/>
  <testcase classname="Pkg1st.CountTestNG" name="A1" time="0.001"/>
  <system-out/>
  <testcase classname="Pkg1st.CountTestNG" name="A1" time="0.001"/>
  <system-out/>
  <testcase classname="Pkg1st.CountTestNG" name="A1" time="0.001"/>
  <system-out/>
  <testcase classname="Pkg1st.CountTestNG" name="A1" time="0.002"/>
  <system-out/>
  <testcase classname="Pkg1st.CountTestNG" name="A1" time="0.001"/>
  <system-out/>
  <testcase classname="Pkg1st.CountTestNG" name="A1" time="0.001"/>
  <system-out/>
  <testcase classname="Pkg1st.CountTestNG" name="A1" time="0.001"/>
  <system-out/>
  <testcase classname="Pkg1st.CountTestNG" name="A1" time="0.001"/>
  <system-out/>
  <testcase classname="Pkg1st.CountTestNG" name="A1" time="0.002"/>
  <system-out/>
</testsuite> <!-- Pkg1st.CountTestNG -->
