<?xml version="1.0" encoding="UTF-8"?>
<!-- Generated by org.testng.reporters.JUnitReportReporter -->
<testsuite hostname="DESKTOP-7RM1ST6" failures="0" tests="1" name="Pkg1st.Selenium2" time="0.004" errors="0" timestamp="2020-06-29T22:22:54 IST" skipped="0">
  <testcase classname="Pkg1st.Selenium2" name="googletitle" time="0.004"/>
  <system-out/>
</testsuite> <!-- Pkg1st.Selenium2 -->
