<?xml version="1.0" encoding="UTF-8"?>
<!-- Generated by org.testng.reporters.JUnitReportReporter -->
<testsuite hostname="DESKTOP-7RM1ST6" failures="0" tests="1" name="Pkg1st.ParameterTestNG" time="10.901" errors="0" timestamp="2020-06-30T09:55:04 IST" skipped="0">
  <testcase classname="Pkg1st.ParameterTestNG" name="login" time="10.901"/>
  <system-out/>
</testsuite> <!-- Pkg1st.ParameterTestNG -->
