<?xml version="1.0" encoding="UTF-8"?>
<!-- Generated by org.testng.reporters.JUnitReportReporter -->
<testsuite hostname="DESKTOP-7RM1ST6" failures="0" tests="3" name="Pkg1st.ignotTestng" time="0.012" errors="0" timestamp="2020-06-30T14:25:53 IST" skipped="0">
  <testcase classname="Pkg1st.ignotTestng" name="A2" time="0.002"/>
  <system-out/>
  <testcase classname="Pkg1st.ignotTestng" name="A1" time="0.002"/>
  <system-out/>
  <testcase classname="Pkg1st.ignotTestng" name="A" time="0.008"/>
  <system-out/>
</testsuite> <!-- Pkg1st.ignotTestng -->
